#
# There is insufficient memory for the Java Runtime Environment to continue.
# Native memory allocation (malloc) failed to allocate 579728 bytes for Chunk::new
# Possible reasons:
#   The system is out of physical RAM or swap space
#   In 32 bit mode, the process size limit was hit
# Possible solutions:
#   Reduce memory load on the system
#   Increase physical memory or swap space
#   Check if swap backing store is full
#   Use 64 bit Java on a 64 bit OS
#   Decrease Java heap size (-Xmx/-Xms)
#   Decrease number of Java threads
#   Decrease Java thread stack sizes (-Xss)
#   Set larger code cache with -XX:ReservedCodeCacheSize=
# This output file may be truncated or incomplete.
#
#  Out of Memory Error (allocation.cpp:390), pid=17084, tid=0x0000000000003eb4
#
# JRE version: OpenJDK Runtime Environment (8.0_152-b01) (build 1.8.0_152-release-915-b01)
# Java VM: OpenJDK 64-Bit Server VM (25.152-b01 mixed mode windows-amd64 compressed oops)
# Failed to write core dump. Minidumps are not enabled by default on client versions of Windows
#

---------------  T H R E A D  ---------------

Current thread (0x0000000016a18000):  JavaThread "C2 CompilerThread1" daemon [_thread_in_native, id=16052, stack(0x0000000018150000,0x0000000018250000)]

Stack: [0x0000000018150000,0x0000000018250000]
[error occurred during error reporting (printing stack bounds), id 0xc0000005]

Native frames: (J=compiled Java code, j=interpreted, Vv=VM code, C=native code)


Current CompileTask:
C2:   3231 1333       4       java.net.URLClassLoader$1::run (5 bytes)


---------------  P R O C E S S  ---------------

Java Threads: ( => current thread )
  0x000000001aaa1800 JavaThread "Cache worker for file hash cache (C:\Users\wirat.SUPC\Desktop\TransReceive\.gradle\4.1\fileHashes)" [_thread_blocked, id=14344, stack(0x000000001c6a0000,0x000000001c7a0000)]
  0x000000001a060800 JavaThread "File lock request listener" [_thread_in_native, id=4120, stack(0x000000001c460000,0x000000001c560000)]
  0x000000001a2b5800 JavaThread "Cache worker for file hash cache (C:\Users\wirat.SUPC\.gradle\caches\4.1\fileHashes)" [_thread_blocked, id=4712, stack(0x000000001c160000,0x000000001c260000)]
  0x00000000192ed800 JavaThread "Stdin handler" [_thread_blocked, id=1340, stack(0x000000001c060000,0x000000001c160000)]
  0x00000000192eb800 JavaThread "Asynchronous log dispatcher for DefaultDaemonConnection: socket connection from /127.0.0.1:12822 to /127.0.0.1:12823" [_thread_blocked, id=4860, stack(0x000000001bf60000,0x000000001c060000)]
  0x00000000192e6800 JavaThread "Daemon worker" [_thread_in_native, id=12648, stack(0x000000001be60000,0x000000001bf60000)]
  0x00000000192e7800 JavaThread "Cancel handler" [_thread_blocked, id=11420, stack(0x000000001bd60000,0x000000001be60000)]
  0x0000000019942800 JavaThread "Handler for socket connection from /127.0.0.1:12822 to /127.0.0.1:12823" [_thread_in_native, id=14400, stack(0x000000001ba60000,0x000000001bb60000)]
  0x0000000019942000 JavaThread "Daemon" [_thread_blocked, id=4892, stack(0x000000001b960000,0x000000001ba60000)]
  0x0000000019cbf000 JavaThread "Daemon periodic checks" [_thread_blocked, id=16992, stack(0x000000001b860000,0x000000001b960000)]
  0x00000000195df000 JavaThread "Incoming local TCP Connector on port 12822" [_thread_in_native, id=16092, stack(0x000000001b630000,0x000000001b730000)]
  0x000000001835a800 JavaThread "Service Thread" daemon [_thread_blocked, id=14024, stack(0x0000000018750000,0x0000000018850000)]
  0x0000000016a1f000 JavaThread "C1 CompilerThread2" daemon [_thread_blocked, id=16684, stack(0x0000000018250000,0x0000000018350000)]
=>0x0000000016a18000 JavaThread "C2 CompilerThread1" daemon [_thread_in_native, id=16052, stack(0x0000000018150000,0x0000000018250000)]
  0x0000000016a15000 JavaThread "C2 CompilerThread0" daemon [_thread_in_native, id=6880, stack(0x0000000018050000,0x0000000018150000)]
  0x0000000016a64800 JavaThread "Attach Listener" daemon [_thread_blocked, id=2612, stack(0x0000000017f50000,0x0000000018050000)]
  0x0000000016a63800 JavaThread "Signal Dispatcher" daemon [_thread_blocked, id=14328, stack(0x0000000017e50000,0x0000000017f50000)]
  0x000000000309d800 JavaThread "Finalizer" daemon [_thread_blocked, id=16856, stack(0x0000000017c60000,0x0000000017d60000)]
  0x0000000003093800 JavaThread "Reference Handler" daemon [_thread_blocked, id=7424, stack(0x0000000017b60000,0x0000000017c60000)]
  0x0000000002d9e800 JavaThread "main" [_thread_blocked, id=15648, stack(0x0000000002ea0000,0x0000000002fa0000)]

Other Threads:
  0x00000000169d5800 VMThread [stack: 0x0000000017a60000,0x0000000017b60000] [id=14968]
  0x000000001835f000 WatcherThread [stack: 0x0000000018850000,0x0000000018950000] [id=13696]

VM state:not at safepoint (normal execution)

VM Mutex/Monitor currently owned by a thread: None

Heap:
 PSYoungGen      total 37888K, used 36741K [0x00000000e0000000, 0x00000000e2a00000, 0x0000000100000000)
  eden space 32768K, 96% used [0x00000000e0000000,0x00000000e1ee2270,0x00000000e2000000)
  from space 5120K, 99% used [0x00000000e2500000,0x00000000e29ff290,0x00000000e2a00000)
  to   space 5120K, 0% used [0x00000000e2000000,0x00000000e2000000,0x00000000e2500000)
 ParOldGen       total 86016K, used 913K [0x00000000a0000000, 0x00000000a5400000, 0x00000000e0000000)
  object space 86016K, 1% used [0x00000000a0000000,0x00000000a00e4750,0x00000000a5400000)
 Metaspace       used 15216K, capacity 15508K, committed 15616K, reserved 1062912K
  class space    used 2144K, capacity 2248K, committed 2304K, reserved 1048576K

Card table byte_map: [0x0000000012460000,0x0000000012770000] byte_map_base: 0x0000000011f60000

Marking Bits: (ParMarkBitMap*) 0x00000000590b3950
 Begin Bits: [0x0000000012d70000, 0x0000000014570000)
 End Bits:   [0x0000000014570000, 0x0000000015d70000)

Polling page: 0x0000000002d50000

CodeCache: size=245760Kb used=5058Kb max_used=5058Kb free=240701Kb
 bounds [0x00000000030a0000, 0x00000000035a0000, 0x00000000120a0000]
 total_blobs=1810 nmethods=1440 adapters=283
 compilation: enabled

Compilation events (10 events):
Event: 3.165 Thread 0x0000000016a1f000 1444       3       java.io.ByteArrayOutputStream::<init> (43 bytes)
Event: 3.166 Thread 0x0000000016a1f000 nmethod 1444 0x0000000003590510 code [0x0000000003590700, 0x0000000003591078]
Event: 3.166 Thread 0x0000000016a1f000 1445       3       java.io.ByteArrayOutputStream::<init> (7 bytes)
Event: 3.166 Thread 0x0000000016a1f000 nmethod 1445 0x0000000003591490 code [0x0000000003591600, 0x0000000003591788]
Event: 3.166 Thread 0x0000000016a1f000 1446       3       sun.misc.ProxyGenerator::access$700 (7 bytes)
Event: 3.166 Thread 0x0000000016a1f000 nmethod 1446 0x0000000003591810 code [0x0000000003591980, 0x0000000003591b68]
Event: 3.167 Thread 0x0000000016a1f000 1447       3       java.lang.Class::arrayContentsEq (70 bytes)
Event: 3.167 Thread 0x0000000016a1f000 nmethod 1447 0x0000000003591c90 code [0x0000000003591e20, 0x0000000003592250]
Event: 3.178 Thread 0x0000000016a1f000 1448       1       java.security.Permission::getName (5 bytes)
Event: 3.178 Thread 0x0000000016a1f000 nmethod 1448 0x00000000035923d0 code [0x0000000003592520, 0x0000000003592630]

GC Heap History (4 events):
Event: 1.350 GC heap before
{Heap before GC invocations=1 (full 0):
 PSYoungGen      total 37888K, used 32768K [0x00000000e0000000, 0x00000000e2a00000, 0x0000000100000000)
  eden space 32768K, 100% used [0x00000000e0000000,0x00000000e2000000,0x00000000e2000000)
  from space 5120K, 0% used [0x00000000e2500000,0x00000000e2500000,0x00000000e2a00000)
  to   space 5120K, 0% used [0x00000000e2000000,0x00000000e2000000,0x00000000e2500000)
 ParOldGen       total 86016K, used 0K [0x00000000a0000000, 0x00000000a5400000, 0x00000000e0000000)
  object space 86016K, 0% used [0x00000000a0000000,0x00000000a0000000,0x00000000a5400000)
 Metaspace       used 6932K, capacity 7102K, committed 7424K, reserved 1056768K
  class space    used 839K, capacity 907K, committed 1024K, reserved 1048576K
Event: 1.358 GC heap after
Heap after GC invocations=1 (full 0):
 PSYoungGen      total 37888K, used 4155K [0x00000000e0000000, 0x00000000e2a00000, 0x0000000100000000)
  eden space 32768K, 0% used [0x00000000e0000000,0x00000000e0000000,0x00000000e2000000)
  from space 5120K, 81% used [0x00000000e2000000,0x00000000e240eca8,0x00000000e2500000)
  to   space 5120K, 0% used [0x00000000e2500000,0x00000000e2500000,0x00000000e2a00000)
 ParOldGen       total 86016K, used 8K [0x00000000a0000000, 0x00000000a5400000, 0x00000000e0000000)
  object space 86016K, 0% used [0x00000000a0000000,0x00000000a0002000,0x00000000a5400000)
 Metaspace       used 6932K, capacity 7102K, committed 7424K, reserved 1056768K
  class space    used 839K, capacity 907K, committed 1024K, reserved 1048576K
}
Event: 2.423 GC heap before
{Heap before GC invocations=2 (full 0):
 PSYoungGen      total 37888K, used 36923K [0x00000000e0000000, 0x00000000e2a00000, 0x0000000100000000)
  eden space 32768K, 100% used [0x00000000e0000000,0x00000000e2000000,0x00000000e2000000)
  from space 5120K, 81% used [0x00000000e2000000,0x00000000e240eca8,0x00000000e2500000)
  to   space 5120K, 0% used [0x00000000e2500000,0x00000000e2500000,0x00000000e2a00000)
 ParOldGen       total 86016K, used 8K [0x00000000a0000000, 0x00000000a5400000, 0x00000000e0000000)
  object space 86016K, 0% used [0x00000000a0000000,0x00000000a0002000,0x00000000a5400000)
 Metaspace       used 12203K, capacity 12592K, committed 12800K, reserved 1060864K
  class space    used 1618K, capacity 1766K, committed 1792K, reserved 1048576K
Event: 2.433 GC heap after
Heap after GC invocations=2 (full 0):
 PSYoungGen      total 37888K, used 5116K [0x00000000e0000000, 0x00000000e2a00000, 0x0000000100000000)
  eden space 32768K, 0% used [0x00000000e0000000,0x00000000e0000000,0x00000000e2000000)
  from space 5120K, 99% used [0x00000000e2500000,0x00000000e29ff290,0x00000000e2a00000)
  to   space 5120K, 0% used [0x00000000e2000000,0x00000000e2000000,0x00000000e2500000)
 ParOldGen       total 86016K, used 913K [0x00000000a0000000, 0x00000000a5400000, 0x00000000e0000000)
  object space 86016K, 1% used [0x00000000a0000000,0x00000000a00e4750,0x00000000a5400000)
 Metaspace       used 12203K, capacity 12592K, committed 12800K, reserved 1060864K
  class space    used 1618K, capacity 1766K, committed 1792K, reserved 1048576K
}

Deoptimization events (10 events):
Event: 1.631 Thread 0x0000000002d9e800 Uncommon trap: reason=bimorphic action=maybe_recompile pc=0x0000000003312ddc method=java.util.HashMap.putVal(ILjava/lang/Object;Ljava/lang/Object;ZZ)Ljava/lang/Object; @ 91
Event: 1.639 Thread 0x0000000002d9e800 Uncommon trap: reason=bimorphic action=maybe_recompile pc=0x00000000033077bc method=java.util.HashMap.putVal(ILjava/lang/Object;Ljava/lang/Object;ZZ)Ljava/lang/Object; @ 91
Event: 1.839 Thread 0x0000000002d9e800 Uncommon trap: reason=bimorphic action=maybe_recompile pc=0x00000000033c8990 method=java.util.HashMap.putVal(ILjava/lang/Object;Ljava/lang/Object;ZZ)Ljava/lang/Object; @ 203
Event: 1.952 Thread 0x0000000002d9e800 Uncommon trap: reason=unstable_if action=reinterpret pc=0x0000000003425910 method=java.io.WinNTFileSystem.normalize(Ljava/lang/String;)Ljava/lang/String; @ 128
Event: 1.952 Thread 0x0000000002d9e800 Uncommon trap: reason=unstable_if action=reinterpret pc=0x00000000033b30a4 method=java.io.WinNTFileSystem.normalize(Ljava/lang/String;II)Ljava/lang/String; @ 90
Event: 2.365 Thread 0x00000000192e6800 Uncommon trap: reason=bimorphic action=maybe_recompile pc=0x00000000033c829c method=java.util.HashMap.putVal(ILjava/lang/Object;Ljava/lang/Object;ZZ)Ljava/lang/Object; @ 253
Event: 2.365 Thread 0x00000000192e6800 Uncommon trap: reason=bimorphic action=maybe_recompile pc=0x00000000033c829c method=java.util.HashMap.putVal(ILjava/lang/Object;Ljava/lang/Object;ZZ)Ljava/lang/Object; @ 253
Event: 2.721 Thread 0x00000000192e6800 Uncommon trap: reason=class_check action=maybe_recompile pc=0x000000000330199c method=java.util.regex.Matcher.match(II)Z @ 86
Event: 2.722 Thread 0x00000000192e6800 Uncommon trap: reason=class_check action=maybe_recompile pc=0x000000000330199c method=java.util.regex.Matcher.match(II)Z @ 86
Event: 2.839 Thread 0x00000000192e6800 Uncommon trap: reason=unstable_if action=reinterpret pc=0x0000000003538eb4 method=java.lang.String.lastIndexOf([CII[CIII)I @ 66

Classes redefined (0 events):
No events

Internal exceptions (10 events):
Event: 2.270 Thread 0x0000000019942800 Exception <a 'java/lang/NoSuchMethodError': <clinit>> (0x00000000e1b68da8) thrown at [D:\src\AOSP-openjdk-cygwin\jdk8u\hotspot\src\share\vm\prims\jni.cpp, line 1613]
Event: 2.275 Thread 0x0000000019942800 Exception <a 'java/lang/NoSuchMethodError': <clinit>> (0x00000000e1b89ce8) thrown at [D:\src\AOSP-openjdk-cygwin\jdk8u\hotspot\src\share\vm\prims\jni.cpp, line 1613]
Event: 2.279 Thread 0x0000000019942800 Exception <a 'java/lang/NoSuchMethodError': <clinit>> (0x00000000e1ba17f8) thrown at [D:\src\AOSP-openjdk-cygwin\jdk8u\hotspot\src\share\vm\prims\jni.cpp, line 1613]
Event: 2.280 Thread 0x0000000019942800 Exception <a 'java/lang/NoSuchMethodError': <clinit>> (0x00000000e1baa2c0) thrown at [D:\src\AOSP-openjdk-cygwin\jdk8u\hotspot\src\share\vm\prims\jni.cpp, line 1613]
Event: 2.283 Thread 0x0000000019942800 Exception <a 'java/lang/NoSuchMethodError': <clinit>> (0x00000000e1bbb938) thrown at [D:\src\AOSP-openjdk-cygwin\jdk8u\hotspot\src\share\vm\prims\jni.cpp, line 1613]
Event: 2.308 Thread 0x0000000019942800 Exception <a 'java/lang/NoSuchMethodError': <clinit>> (0x00000000e1c3a1d8) thrown at [D:\src\AOSP-openjdk-cygwin\jdk8u\hotspot\src\share\vm\prims\jni.cpp, line 1613]
Event: 2.311 Thread 0x0000000019942800 Exception <a 'java/lang/NoSuchMethodError': <clinit>> (0x00000000e1c54a40) thrown at [D:\src\AOSP-openjdk-cygwin\jdk8u\hotspot\src\share\vm\prims\jni.cpp, line 1613]
Event: 2.315 Thread 0x0000000019942800 Exception <a 'java/lang/NoSuchMethodError': <clinit>> (0x00000000e1c79dc8) thrown at [D:\src\AOSP-openjdk-cygwin\jdk8u\hotspot\src\share\vm\prims\jni.cpp, line 1613]
Event: 2.351 Thread 0x00000000192e6800 Exception <a 'java/lang/NoSuchMethodError': <clinit>> (0x00000000e1d76688) thrown at [D:\src\AOSP-openjdk-cygwin\jdk8u\hotspot\src\share\vm\prims\jni.cpp, line 1613]
Event: 2.352 Thread 0x00000000192e6800 Exception <a 'java/lang/NoSuchMethodError': <clinit>> (0x00000000e1d7e910) thrown at [D:\src\AOSP-openjdk-cygwin\jdk8u\hotspot\src\share\vm\prims\jni.cpp, line 1613]

Events (10 events):
Event: 3.216 loading class org/gradle/api/internal/ExtensibleDynamicObject
Event: 3.216 loading class org/gradle/api/internal/ExtensibleDynamicObject done
Event: 3.216 loading class org/gradle/internal/metaobject/MixInClosurePropertiesAsMethodsDynamicObject
Event: 3.216 loading class org/gradle/internal/metaobject/MixInClosurePropertiesAsMethodsDynamicObject done
Event: 3.216 loading class org/gradle/internal/metaobject/CompositeDynamicObject
Event: 3.216 loading class org/gradle/internal/metaobject/CompositeDynamicObject done
Event: 3.217 loading class org/gradle/internal/metaobject/BeanDynamicObject
Event: 3.217 loading class org/gradle/internal/metaobject/BeanDynamicObject done
Event: 3.217 loading class org/gradle/util/ConfigureUtil
Event: 3.217 loading class org/gradle/util/ConfigureUtil done


Dynamic libraries:
0x00007ff7530f0000 - 0x00007ff753121000 	C:\Program Files\Android\Android Studio\jre\bin\java.exe
0x00007ffe43d20000 - 0x00007ffe43efb000 	C:\WINDOWS\SYSTEM32\ntdll.dll
0x00007ffe41280000 - 0x00007ffe4132e000 	C:\WINDOWS\System32\KERNEL32.DLL
0x00007ffe402f0000 - 0x00007ffe40539000 	C:\WINDOWS\System32\KERNELBASE.dll
0x00007ffe413e0000 - 0x00007ffe41481000 	C:\WINDOWS\System32\ADVAPI32.dll
0x00007ffe43c50000 - 0x00007ffe43ced000 	C:\WINDOWS\System32\msvcrt.dll
0x00007ffe42500000 - 0x00007ffe42559000 	C:\WINDOWS\System32\sechost.dll
0x00007ffe42560000 - 0x00007ffe42685000 	C:\WINDOWS\System32\RPCRT4.dll
0x00007ffe423b0000 - 0x00007ffe424fa000 	C:\WINDOWS\System32\USER32.dll
0x00007ffe407a0000 - 0x00007ffe407be000 	C:\WINDOWS\System32\win32u.dll
0x00007ffe41490000 - 0x00007ffe414b7000 	C:\WINDOWS\System32\GDI32.dll
0x00007ffe40610000 - 0x00007ffe40799000 	C:\WINDOWS\System32\gdi32full.dll
0x00007ffe407c0000 - 0x00007ffe4085a000 	C:\WINDOWS\System32\msvcp_win.dll
0x00007ffe40fb0000 - 0x00007ffe410a6000 	C:\WINDOWS\System32\ucrtbase.dll
0x00007ffe354f0000 - 0x00007ffe35757000 	C:\WINDOWS\WinSxS\amd64_microsoft.windows.common-controls_6595b64144ccf1df_6.0.15063.0_none_108e4f62dfe5d999\COMCTL32.dll
0x00007ffe41de0000 - 0x00007ffe420d9000 	C:\WINDOWS\System32\combase.dll
0x00007ffe40540000 - 0x00007ffe405aa000 	C:\WINDOWS\System32\bcryptPrimitives.dll
0x00007ffe41780000 - 0x00007ffe417ad000 	C:\WINDOWS\System32\IMM32.DLL
0x0000000058810000 - 0x00000000588e2000 	C:\Program Files\Android\Android Studio\jre\jre\bin\msvcr100.dll
0x00000000588f0000 - 0x000000005912e000 	C:\Program Files\Android\Android Studio\jre\jre\bin\server\jvm.dll
0x00007ffe43cf0000 - 0x00007ffe43cf8000 	C:\WINDOWS\System32\PSAPI.DLL
0x00007ffe3d280000 - 0x00007ffe3d2a3000 	C:\WINDOWS\SYSTEM32\WINMM.dll
0x00007ffe324f0000 - 0x00007ffe324f9000 	C:\WINDOWS\SYSTEM32\WSOCK32.dll
0x00007ffe42220000 - 0x00007ffe4228c000 	C:\WINDOWS\System32\WS2_32.dll
0x00007ffe3b860000 - 0x00007ffe3b86a000 	C:\WINDOWS\SYSTEM32\VERSION.dll
0x00007ffe3d0d0000 - 0x00007ffe3d0fb000 	C:\WINDOWS\SYSTEM32\winmmbase.dll
0x00007ffe40f60000 - 0x00007ffe40fa9000 	C:\WINDOWS\System32\cfgmgr32.dll
0x00007ffe31700000 - 0x00007ffe3170f000 	C:\Program Files\Android\Android Studio\jre\jre\bin\verify.dll
0x00007ffe173b0000 - 0x00007ffe173d9000 	C:\Program Files\Android\Android Studio\jre\jre\bin\java.dll
0x00007ffe2ca10000 - 0x00007ffe2ca26000 	C:\Program Files\Android\Android Studio\jre\jre\bin\zip.dll
0x00007ffe42690000 - 0x00007ffe43ac7000 	C:\WINDOWS\System32\SHELL32.dll
0x00007ffe41330000 - 0x00007ffe413da000 	C:\WINDOWS\System32\shcore.dll
0x00007ffe40860000 - 0x00007ffe40f52000 	C:\WINDOWS\System32\windows.storage.dll
0x00007ffe41660000 - 0x00007ffe416b1000 	C:\WINDOWS\System32\shlwapi.dll
0x00007ffe40220000 - 0x00007ffe40231000 	C:\WINDOWS\System32\kernel.appcore.dll
0x00007ffe40190000 - 0x00007ffe401dc000 	C:\WINDOWS\System32\powrprof.dll
0x00007ffe40200000 - 0x00007ffe40215000 	C:\WINDOWS\System32\profapi.dll
0x00007ffe21080000 - 0x00007ffe2109a000 	C:\Program Files\Android\Android Studio\jre\jre\bin\net.dll
0x00007ffe3fa40000 - 0x00007ffe3fa9c000 	C:\WINDOWS\system32\mswsock.dll
0x00007ffe20c90000 - 0x00007ffe20ca1000 	C:\Program Files\Android\Android Studio\jre\jre\bin\nio.dll
0x00007ffe31070000 - 0x00007ffe3108e000 	C:\Users\wirat.SUPC\.gradle\native\25\windows-amd64\native-platform.dll
0x00007ffe314c0000 - 0x00007ffe314cd000 	C:\Program Files\Android\Android Studio\jre\jre\bin\management.dll
0x00007ffe3fbf0000 - 0x00007ffe3fc07000 	C:\WINDOWS\SYSTEM32\CRYPTSP.dll
0x00007ffe3f670000 - 0x00007ffe3f6a4000 	C:\WINDOWS\system32\rsaenh.dll
0x00007ffe400d0000 - 0x00007ffe400f5000 	C:\WINDOWS\SYSTEM32\bcrypt.dll
0x00007ffe40090000 - 0x00007ffe400b9000 	C:\WINDOWS\SYSTEM32\USERENV.dll
0x00007ffe3fbe0000 - 0x00007ffe3fbeb000 	C:\WINDOWS\SYSTEM32\CRYPTBASE.dll
0x00007ffe3f7e0000 - 0x00007ffe3f817000 	C:\WINDOWS\SYSTEM32\IPHLPAPI.DLL
0x00007ffe42290000 - 0x00007ffe42298000 	C:\WINDOWS\System32\NSI.dll
0x00007ffe3c9f0000 - 0x00007ffe3ca06000 	C:\WINDOWS\SYSTEM32\dhcpcsvc6.DLL
0x00007ffe3c910000 - 0x00007ffe3c92a000 	C:\WINDOWS\SYSTEM32\dhcpcsvc.DLL

VM Arguments:
jvm_args: -Xmx1536m -Dfile.encoding=x-windows-874 -Duser.country=GB -Duser.language=en -Duser.variant 
java_command: org.gradle.launcher.daemon.bootstrap.GradleDaemon 4.1
java_class_path (initial): C:\Users\wirat.SUPC\.gradle\wrapper\dists\gradle-4.1-all\bzyivzo6n839fup2jbap0tjew\gradle-4.1\lib\gradle-launcher-4.1.jar
Launcher Type: SUN_STANDARD

Environment Variables:
PATH=C:\WINDOWS\system32;C:\WINDOWS;C:\WINDOWS\System32\Wbem;C:\WINDOWS\System32\WindowsPowerShell\v1.0\;C:\Program Files\Microsoft SQL Server\Client SDK\ODBC\130\Tools\Binn\;C:\Program Files (x86)\Microsoft SQL Server\130\Tools\Binn\;C:\Program Files\Microsoft SQL Server\130\Tools\Binn\;C:\Program Files\Microsoft SQL Server\130\DTS\Binn\;C:\Program Files (x86)\Microsoft SQL Server\Client SDK\ODBC\130\Tools\Binn\;C:\Program Files (x86)\Microsoft SQL Server\130\DTS\Binn\;C:\Program Files (x86)\Microsoft SQL Server\130\Tools\Binn\ManagementStudio\;C:\WINDOWS\system32\config\systemprofile\.dnx\bin;C:\Program Files\Microsoft DNX\Dnvm\;C:\Program Files\Microsoft SQL Server\120\Tools\Binn\;C:\Program Files\dotnet\;C:\Program Files\Microsoft\Web Platform Installer\;C:\Program Files (x86)\Microsoft ASP.NET\ASP.NET Web Pages\v1.0\;C:\Program Files (x86)\Windows Kits\8.0\Windows Performance Toolkit\;C:\Program Files\Microsoft SQL Server\110\Tools\Binn\;C:\Program Files (x86)\Microsoft SQL Server\110\DTS\Binn\;C:\Program Files (x86)\Microsoft SQL Server\120\DTS\Binn\;C:\Program Files\Microsoft Dynamics AX\50\BusinessConnector\Bin\;C:\Program Files (x86)\Microsoft Dynamics AX\50\Client\Bin\;C:\Program Files (x86)\Microsoft SQL Server\110\Tools\Binn\ManagementStudio\;C:\Program Files (x86)\Microsoft SQL Server\110\Tools\Binn\;C:\Program Files (x86)\Microsoft Visual Studio 11.0\Common7\IDE\PrivateAssemblies\;C:\Program Files (x86)\Microsoft SQL Server\90\Tools\binn\;C:\Users\wirat.SUPC\AppData\Local\Microsoft\WindowsApps;
USERNAME=Wirat
OS=Windows_NT
PROCESSOR_IDENTIFIER=Intel64 Family 6 Model 58 Stepping 9, GenuineIntel



---------------  S Y S T E M  ---------------

OS: Windows 10.0 , 64 bit Build 15063 (10.0.15063.296)

CPU:total 4 (initial active 4) (2 cores per cpu, 2 threads per core) family 6 model 58 stepping 9, cmov, cx8, fxsr, mmx, sse, sse2, sse3, ssse3, sse4.1, sse4.2, popcnt, avx, clmul, erms, ht, tsc, tscinvbit, tscinv

Memory: 4k page, physical 8206108k(3065268k free), swap 11327260k(5292k free)

vm_info: OpenJDK 64-Bit Server VM (25.152-b01) for windows-amd64 JRE (1.8.0_152-release-915-b01), built by "builder" with MS VC++ 10.0 (VS2010)

time: Sat Dec 16 14:04:24 2017
elapsed time: 3 seconds (0d 0h 0m 3s)

