#
# There is insufficient memory for the Java Runtime Environment to continue.
# Native memory allocation (malloc) failed to allocate 32744 bytes for ChunkPool::allocate
# Possible reasons:
#   The system is out of physical RAM or swap space
#   In 32 bit mode, the process size limit was hit
# Possible solutions:
#   Reduce memory load on the system
#   Increase physical memory or swap space
#   Check if swap backing store is full
#   Use 64 bit Java on a 64 bit OS
#   Decrease Java heap size (-Xmx/-Xms)
#   Decrease number of Java threads
#   Decrease Java thread stack sizes (-Xss)
#   Set larger code cache with -XX:ReservedCodeCacheSize=
# This output file may be truncated or incomplete.
#
#  Out of Memory Error (allocation.cpp:273), pid=6084, tid=0x0000000000002310
#
# JRE version: OpenJDK Runtime Environment (8.0_152-b01) (build 1.8.0_152-release-915-b01)
# Java VM: OpenJDK 64-Bit Server VM (25.152-b01 mixed mode windows-amd64 compressed oops)
# Failed to write core dump. Minidumps are not enabled by default on client versions of Windows
#

---------------  T H R E A D  ---------------

Current thread (0x0000000016d0a800):  JavaThread "C2 CompilerThread1" daemon [_thread_in_native, id=8976, stack(0x0000000018440000,0x0000000018540000)]

Stack: [0x0000000018440000,0x0000000018540000]
[error occurred during error reporting (printing stack bounds), id 0xc0000005]

Native frames: (J=compiled Java code, j=interpreted, Vv=VM code, C=native code)


Current CompileTask:
C2:   3167 1304       4       java.net.URLClassLoader$1::run (5 bytes)


---------------  P R O C E S S  ---------------

Java Threads: ( => current thread )
  0x0000000019a6d800 JavaThread "Cache worker for file hash cache (C:\Users\wirat.SUPC\Desktop\TransReceive\.gradle\4.1\fileHashes)" [_thread_blocked, id=13752, stack(0x000000001c870000,0x000000001c970000)]
  0x0000000019a6a800 JavaThread "File lock request listener" [_thread_in_native, id=16900, stack(0x000000001c770000,0x000000001c870000)]
  0x0000000019a67800 JavaThread "Cache worker for file hash cache (C:\Users\wirat.SUPC\.gradle\caches\4.1\fileHashes)" [_thread_blocked, id=2968, stack(0x000000001c470000,0x000000001c570000)]
  0x0000000019a6d000 JavaThread "Stdin handler" [_thread_blocked, id=10736, stack(0x000000001c370000,0x000000001c470000)]
  0x0000000019a65800 JavaThread "Asynchronous log dispatcher for DefaultDaemonConnection: socket connection from /127.0.0.1:12830 to /127.0.0.1:12831" [_thread_blocked, id=7764, stack(0x000000001c270000,0x000000001c370000)]
  0x0000000019d65800 JavaThread "Daemon worker" [_thread_in_vm, id=8368, stack(0x000000001c170000,0x000000001c270000)]
  0x0000000019a77000 JavaThread "Cancel handler" [_thread_blocked, id=952, stack(0x000000001c070000,0x000000001c170000)]
  0x0000000019a53800 JavaThread "Handler for socket connection from /127.0.0.1:12830 to /127.0.0.1:12831" [_thread_in_native, id=17220, stack(0x000000001bd70000,0x000000001be70000)]
  0x0000000019a52800 JavaThread "Daemon" [_thread_blocked, id=16924, stack(0x000000001bc70000,0x000000001bd70000)]
  0x000000001a354800 JavaThread "Daemon periodic checks" [_thread_blocked, id=17100, stack(0x000000001bb70000,0x000000001bc70000)]
  0x000000001a0af800 JavaThread "Incoming local TCP Connector on port 12830" [_thread_in_native, id=8032, stack(0x000000001a410000,0x000000001a510000)]
  0x0000000016d5e800 JavaThread "Service Thread" daemon [_thread_blocked, id=13436, stack(0x0000000018a40000,0x0000000018b40000)]
  0x0000000016d0e800 JavaThread "C1 CompilerThread2" daemon [_thread_blocked, id=14112, stack(0x0000000018540000,0x0000000018640000)]
=>0x0000000016d0a800 JavaThread "C2 CompilerThread1" daemon [_thread_in_native, id=8976, stack(0x0000000018440000,0x0000000018540000)]
  0x0000000016d07000 JavaThread "C2 CompilerThread0" daemon [_thread_in_native, id=16632, stack(0x0000000018340000,0x0000000018440000)]
  0x0000000016d53000 JavaThread "Attach Listener" daemon [_thread_blocked, id=15608, stack(0x0000000018240000,0x0000000018340000)]
  0x0000000016d52800 JavaThread "Signal Dispatcher" daemon [_thread_blocked, id=16584, stack(0x0000000018140000,0x0000000018240000)]
  0x000000000338e800 JavaThread "Finalizer" daemon [_thread_blocked, id=9448, stack(0x0000000017f50000,0x0000000018050000)]
  0x0000000003383800 JavaThread "Reference Handler" daemon [_thread_blocked, id=9104, stack(0x0000000017e50000,0x0000000017f50000)]
  0x0000000002fde800 JavaThread "main" [_thread_blocked, id=8176, stack(0x0000000003190000,0x0000000003290000)]

Other Threads:
  0x0000000016cc5800 VMThread [stack: 0x0000000017d50000,0x0000000017e50000] [id=3592]
  0x0000000018655800 WatcherThread [stack: 0x0000000018b40000,0x0000000018c40000] [id=7660]

VM state:not at safepoint (normal execution)

VM Mutex/Monitor currently owned by a thread: None

Heap:
 PSYoungGen      total 37888K, used 7553K [0x00000000e0000000, 0x00000000e2a00000, 0x0000000100000000)
  eden space 32768K, 7% used [0x00000000e0000000,0x00000000e0260790,0x00000000e2000000)
  from space 5120K, 99% used [0x00000000e2000000,0x00000000e24ffc70,0x00000000e2500000)
  to   space 5120K, 0% used [0x00000000e2500000,0x00000000e2500000,0x00000000e2a00000)
 ParOldGen       total 86016K, used 3585K [0x00000000a0000000, 0x00000000a5400000, 0x00000000e0000000)
  object space 86016K, 4% used [0x00000000a0000000,0x00000000a03806e8,0x00000000a5400000)
 Metaspace       used 15757K, capacity 16180K, committed 16512K, reserved 1062912K
  class space    used 2210K, capacity 2344K, committed 2432K, reserved 1048576K

Card table byte_map: [0x0000000012750000,0x0000000012a60000] byte_map_base: 0x0000000012250000

Marking Bits: (ParMarkBitMap*) 0x00000000590b3950
 Begin Bits: [0x0000000013060000, 0x0000000014860000)
 End Bits:   [0x0000000014860000, 0x0000000016060000)

Polling page: 0x0000000001910000

CodeCache: size=245760Kb used=5150Kb max_used=5150Kb free=240609Kb
 bounds [0x0000000003390000, 0x00000000038a0000, 0x0000000012390000]
 total_blobs=1820 nmethods=1450 adapters=283
 compilation: enabled

Compilation events (10 events):
Event: 3.162 Thread 0x0000000016d0e800 1449       3       org.objectweb.asm.Frame::pop (45 bytes)
Event: 3.162 Thread 0x0000000016d0e800 nmethod 1449 0x0000000003895750 code [0x00000000038958a0, 0x0000000003895a70]
Event: 3.162 Thread 0x0000000016d0e800 1450       3       org.objectweb.asm.Type::getArgumentsAndReturnSizes (151 bytes)
Event: 3.163 Thread 0x0000000016d0e800 nmethod 1450 0x0000000003895b10 code [0x0000000003895d40, 0x0000000003896bf8]
Event: 3.164 Thread 0x0000000016d0e800 1451       3       org.objectweb.asm.ClassWriter::addType (39 bytes)
Event: 3.164 Thread 0x0000000016d0e800 nmethod 1451 0x0000000003897210 code [0x00000000038973a0, 0x0000000003897688]
Event: 3.164 Thread 0x0000000016d0e800 1452       3       java.util.ArrayList::isEmpty (13 bytes)
Event: 3.164 Thread 0x0000000016d0e800 nmethod 1452 0x00000000038977d0 code [0x0000000003897920, 0x0000000003897ad0]
Event: 3.165 Thread 0x0000000016d0e800 1453       3       org.objectweb.asm.Type::getInternalName (20 bytes)
Event: 3.165 Thread 0x0000000016d0e800 nmethod 1453 0x0000000003897b50 code [0x0000000003897cc0, 0x0000000003897ec8]

GC Heap History (6 events):
Event: 1.087 GC heap before
{Heap before GC invocations=1 (full 0):
 PSYoungGen      total 37888K, used 32768K [0x00000000e0000000, 0x00000000e2a00000, 0x0000000100000000)
  eden space 32768K, 100% used [0x00000000e0000000,0x00000000e2000000,0x00000000e2000000)
  from space 5120K, 0% used [0x00000000e2500000,0x00000000e2500000,0x00000000e2a00000)
  to   space 5120K, 0% used [0x00000000e2000000,0x00000000e2000000,0x00000000e2500000)
 ParOldGen       total 86016K, used 0K [0x00000000a0000000, 0x00000000a5400000, 0x00000000e0000000)
  object space 86016K, 0% used [0x00000000a0000000,0x00000000a0000000,0x00000000a5400000)
 Metaspace       used 6939K, capacity 7102K, committed 7424K, reserved 1056768K
  class space    used 839K, capacity 907K, committed 1024K, reserved 1048576K
Event: 1.091 GC heap after
Heap after GC invocations=1 (full 0):
 PSYoungGen      total 37888K, used 4157K [0x00000000e0000000, 0x00000000e2a00000, 0x0000000100000000)
  eden space 32768K, 0% used [0x00000000e0000000,0x00000000e0000000,0x00000000e2000000)
  from space 5120K, 81% used [0x00000000e2000000,0x00000000e240f470,0x00000000e2500000)
  to   space 5120K, 0% used [0x00000000e2500000,0x00000000e2500000,0x00000000e2a00000)
 ParOldGen       total 86016K, used 8K [0x00000000a0000000, 0x00000000a5400000, 0x00000000e0000000)
  object space 86016K, 0% used [0x00000000a0000000,0x00000000a0002000,0x00000000a5400000)
 Metaspace       used 6939K, capacity 7102K, committed 7424K, reserved 1056768K
  class space    used 839K, capacity 907K, committed 1024K, reserved 1048576K
}
Event: 2.237 GC heap before
{Heap before GC invocations=2 (full 0):
 PSYoungGen      total 37888K, used 36925K [0x00000000e0000000, 0x00000000e2a00000, 0x0000000100000000)
  eden space 32768K, 100% used [0x00000000e0000000,0x00000000e2000000,0x00000000e2000000)
  from space 5120K, 81% used [0x00000000e2000000,0x00000000e240f470,0x00000000e2500000)
  to   space 5120K, 0% used [0x00000000e2500000,0x00000000e2500000,0x00000000e2a00000)
 ParOldGen       total 86016K, used 8K [0x00000000a0000000, 0x00000000a5400000, 0x00000000e0000000)
  object space 86016K, 0% used [0x00000000a0000000,0x00000000a0002000,0x00000000a5400000)
 Metaspace       used 12188K, capacity 12592K, committed 12800K, reserved 1060864K
  class space    used 1618K, capacity 1766K, committed 1792K, reserved 1048576K
Event: 2.255 GC heap after
Heap after GC invocations=2 (full 0):
 PSYoungGen      total 37888K, used 5101K [0x00000000e0000000, 0x00000000e2a00000, 0x0000000100000000)
  eden space 32768K, 0% used [0x00000000e0000000,0x00000000e0000000,0x00000000e2000000)
  from space 5120K, 99% used [0x00000000e2500000,0x00000000e29fb410,0x00000000e2a00000)
  to   space 5120K, 0% used [0x00000000e2000000,0x00000000e2000000,0x00000000e2500000)
 ParOldGen       total 86016K, used 874K [0x00000000a0000000, 0x00000000a5400000, 0x00000000e0000000)
  object space 86016K, 1% used [0x00000000a0000000,0x00000000a00dabe8,0x00000000a5400000)
 Metaspace       used 12188K, capacity 12592K, committed 12800K, reserved 1060864K
  class space    used 1618K, capacity 1766K, committed 1792K, reserved 1048576K
}
Event: 3.015 GC heap before
{Heap before GC invocations=3 (full 0):
 PSYoungGen      total 37888K, used 37855K [0x00000000e0000000, 0x00000000e2a00000, 0x0000000100000000)
  eden space 32768K, 99% used [0x00000000e0000000,0x00000000e1ffca48,0x00000000e2000000)
  from space 5120K, 99% used [0x00000000e2500000,0x00000000e29fb410,0x00000000e2a00000)
  to   space 5120K, 0% used [0x00000000e2000000,0x00000000e2000000,0x00000000e2500000)
 ParOldGen       total 86016K, used 874K [0x00000000a0000000, 0x00000000a5400000, 0x00000000e0000000)
  object space 86016K, 1% used [0x00000000a0000000,0x00000000a00dabe8,0x00000000a5400000)
 Metaspace       used 15394K, capacity 15732K, committed 15872K, reserved 1062912K
  class space    used 2167K, capacity 2280K, committed 2304K, reserved 1048576K
Event: 3.029 GC heap after
Heap after GC invocations=3 (full 0):
 PSYoungGen      total 37888K, used 5119K [0x00000000e0000000, 0x00000000e2a00000, 0x0000000100000000)
  eden space 32768K, 0% used [0x00000000e0000000,0x00000000e0000000,0x00000000e2000000)
  from space 5120K, 99% used [0x00000000e2000000,0x00000000e24ffc70,0x00000000e2500000)
  to   space 5120K, 0% used [0x00000000e2500000,0x00000000e2500000,0x00000000e2a00000)
 ParOldGen       total 86016K, used 3585K [0x00000000a0000000, 0x00000000a5400000, 0x00000000e0000000)
  object space 86016K, 4% used [0x00000000a0000000,0x00000000a03806e8,0x00000000a5400000)
 Metaspace       used 15394K, capacity 15732K, committed 15872K, reserved 1062912K
  class space    used 2167K, capacity 2280K, committed 2304K, reserved 1048576K
}

Deoptimization events (10 events):
Event: 1.393 Thread 0x0000000002fde800 Uncommon trap: reason=bimorphic action=maybe_recompile pc=0x000000000360d4e8 method=java.util.HashMap.putVal(ILjava/lang/Object;Ljava/lang/Object;ZZ)Ljava/lang/Object; @ 91
Event: 1.402 Thread 0x0000000002fde800 Uncommon trap: reason=bimorphic action=maybe_recompile pc=0x0000000003608ac4 method=java.util.HashMap.putVal(ILjava/lang/Object;Ljava/lang/Object;ZZ)Ljava/lang/Object; @ 91
Event: 1.585 Thread 0x0000000002fde800 Uncommon trap: reason=bimorphic action=maybe_recompile pc=0x00000000036b2958 method=java.util.HashMap.putVal(ILjava/lang/Object;Ljava/lang/Object;ZZ)Ljava/lang/Object; @ 203
Event: 1.743 Thread 0x0000000002fde800 Uncommon trap: reason=unstable_if action=reinterpret pc=0x00000000036cb4d8 method=java.io.WinNTFileSystem.normalize(Ljava/lang/String;)Ljava/lang/String; @ 128
Event: 1.743 Thread 0x0000000002fde800 Uncommon trap: reason=unstable_if action=reinterpret pc=0x000000000369bfe0 method=java.io.WinNTFileSystem.normalize(Ljava/lang/String;II)Ljava/lang/String; @ 90
Event: 2.196 Thread 0x0000000019d65800 Uncommon trap: reason=bimorphic action=maybe_recompile pc=0x00000000036b2264 method=java.util.HashMap.putVal(ILjava/lang/Object;Ljava/lang/Object;ZZ)Ljava/lang/Object; @ 253
Event: 2.197 Thread 0x0000000019d65800 Uncommon trap: reason=bimorphic action=maybe_recompile pc=0x00000000036b2264 method=java.util.HashMap.putVal(ILjava/lang/Object;Ljava/lang/Object;ZZ)Ljava/lang/Object; @ 253
Event: 2.607 Thread 0x0000000019d65800 Uncommon trap: reason=class_check action=maybe_recompile pc=0x00000000035f6e5c method=java.util.regex.Matcher.match(II)Z @ 86
Event: 2.608 Thread 0x0000000019d65800 Uncommon trap: reason=class_check action=maybe_recompile pc=0x00000000035f6e5c method=java.util.regex.Matcher.match(II)Z @ 86
Event: 2.725 Thread 0x0000000019d65800 Uncommon trap: reason=unstable_if action=reinterpret pc=0x0000000003816b74 method=java.lang.String.lastIndexOf([CII[CIII)I @ 66

Classes redefined (0 events):
No events

Internal exceptions (10 events):
Event: 2.085 Thread 0x0000000019a53800 Exception <a 'java/lang/NoSuchMethodError': <clinit>> (0x00000000e1b68fa0) thrown at [D:\src\AOSP-openjdk-cygwin\jdk8u\hotspot\src\share\vm\prims\jni.cpp, line 1613]
Event: 2.092 Thread 0x0000000019a53800 Exception <a 'java/lang/NoSuchMethodError': <clinit>> (0x00000000e1b89ea0) thrown at [D:\src\AOSP-openjdk-cygwin\jdk8u\hotspot\src\share\vm\prims\jni.cpp, line 1613]
Event: 2.096 Thread 0x0000000019a53800 Exception <a 'java/lang/NoSuchMethodError': <clinit>> (0x00000000e1ba19b0) thrown at [D:\src\AOSP-openjdk-cygwin\jdk8u\hotspot\src\share\vm\prims\jni.cpp, line 1613]
Event: 2.097 Thread 0x0000000019a53800 Exception <a 'java/lang/NoSuchMethodError': <clinit>> (0x00000000e1baa478) thrown at [D:\src\AOSP-openjdk-cygwin\jdk8u\hotspot\src\share\vm\prims\jni.cpp, line 1613]
Event: 2.100 Thread 0x0000000019a53800 Exception <a 'java/lang/NoSuchMethodError': <clinit>> (0x00000000e1bbbaf0) thrown at [D:\src\AOSP-openjdk-cygwin\jdk8u\hotspot\src\share\vm\prims\jni.cpp, line 1613]
Event: 2.123 Thread 0x0000000019a53800 Exception <a 'java/lang/NoSuchMethodError': <clinit>> (0x00000000e1c3a370) thrown at [D:\src\AOSP-openjdk-cygwin\jdk8u\hotspot\src\share\vm\prims\jni.cpp, line 1613]
Event: 2.128 Thread 0x0000000019a53800 Exception <a 'java/lang/NoSuchMethodError': <clinit>> (0x00000000e1c54bd8) thrown at [D:\src\AOSP-openjdk-cygwin\jdk8u\hotspot\src\share\vm\prims\jni.cpp, line 1613]
Event: 2.134 Thread 0x0000000019a53800 Exception <a 'java/lang/NoSuchMethodError': <clinit>> (0x00000000e1c79f20) thrown at [D:\src\AOSP-openjdk-cygwin\jdk8u\hotspot\src\share\vm\prims\jni.cpp, line 1613]
Event: 2.180 Thread 0x0000000019d65800 Exception <a 'java/lang/NoSuchMethodError': <clinit>> (0x00000000e1d76838) thrown at [D:\src\AOSP-openjdk-cygwin\jdk8u\hotspot\src\share\vm\prims\jni.cpp, line 1613]
Event: 2.181 Thread 0x0000000019d65800 Exception <a 'java/lang/NoSuchMethodError': <clinit>> (0x00000000e1d7eac0) thrown at [D:\src\AOSP-openjdk-cygwin\jdk8u\hotspot\src\share\vm\prims\jni.cpp, line 1613]

Events (10 events):
Event: 3.129 loading class org/gradle/api/DomainObjectSet
Event: 3.129 loading class org/gradle/api/DomainObjectSet done
Event: 3.134 loading class javax/annotation/Nullable
Event: 3.134 loading class javax/annotation/Nullable done
Event: 3.135 loading class javax/annotation/Nonnull
Event: 3.135 loading class javax/annotation/Nonnull done
Event: 3.140 loading class org/gradle/api/internal/AbstractClassGenerator$PropertyMetaData
Event: 3.140 loading class org/gradle/api/internal/AbstractClassGenerator$PropertyMetaData done
Event: 3.147 loading class org/gradle/api/internal/ConventionMapping$MappedProperty
Event: 3.147 loading class org/gradle/api/internal/ConventionMapping$MappedProperty done


Dynamic libraries:
0x00007ff7530f0000 - 0x00007ff753121000 	C:\Program Files\Android\Android Studio\jre\bin\java.exe
0x00007ffe43d20000 - 0x00007ffe43efb000 	C:\WINDOWS\SYSTEM32\ntdll.dll
0x00007ffe41280000 - 0x00007ffe4132e000 	C:\WINDOWS\System32\KERNEL32.DLL
0x00007ffe402f0000 - 0x00007ffe40539000 	C:\WINDOWS\System32\KERNELBASE.dll
0x00007ffe413e0000 - 0x00007ffe41481000 	C:\WINDOWS\System32\ADVAPI32.dll
0x00007ffe43c50000 - 0x00007ffe43ced000 	C:\WINDOWS\System32\msvcrt.dll
0x00007ffe42500000 - 0x00007ffe42559000 	C:\WINDOWS\System32\sechost.dll
0x00007ffe42560000 - 0x00007ffe42685000 	C:\WINDOWS\System32\RPCRT4.dll
0x00007ffe423b0000 - 0x00007ffe424fa000 	C:\WINDOWS\System32\USER32.dll
0x00007ffe407a0000 - 0x00007ffe407be000 	C:\WINDOWS\System32\win32u.dll
0x00007ffe41490000 - 0x00007ffe414b7000 	C:\WINDOWS\System32\GDI32.dll
0x00007ffe40610000 - 0x00007ffe40799000 	C:\WINDOWS\System32\gdi32full.dll
0x00007ffe407c0000 - 0x00007ffe4085a000 	C:\WINDOWS\System32\msvcp_win.dll
0x00007ffe40fb0000 - 0x00007ffe410a6000 	C:\WINDOWS\System32\ucrtbase.dll
0x00007ffe354f0000 - 0x00007ffe35757000 	C:\WINDOWS\WinSxS\amd64_microsoft.windows.common-controls_6595b64144ccf1df_6.0.15063.0_none_108e4f62dfe5d999\COMCTL32.dll
0x00007ffe41de0000 - 0x00007ffe420d9000 	C:\WINDOWS\System32\combase.dll
0x00007ffe40540000 - 0x00007ffe405aa000 	C:\WINDOWS\System32\bcryptPrimitives.dll
0x00007ffe41780000 - 0x00007ffe417ad000 	C:\WINDOWS\System32\IMM32.DLL
0x0000000058810000 - 0x00000000588e2000 	C:\Program Files\Android\Android Studio\jre\jre\bin\msvcr100.dll
0x00000000588f0000 - 0x000000005912e000 	C:\Program Files\Android\Android Studio\jre\jre\bin\server\jvm.dll
0x00007ffe43cf0000 - 0x00007ffe43cf8000 	C:\WINDOWS\System32\PSAPI.DLL
0x00007ffe3d280000 - 0x00007ffe3d2a3000 	C:\WINDOWS\SYSTEM32\WINMM.dll
0x00007ffe324f0000 - 0x00007ffe324f9000 	C:\WINDOWS\SYSTEM32\WSOCK32.dll
0x00007ffe42220000 - 0x00007ffe4228c000 	C:\WINDOWS\System32\WS2_32.dll
0x00007ffe3b860000 - 0x00007ffe3b86a000 	C:\WINDOWS\SYSTEM32\VERSION.dll
0x00007ffe3d0d0000 - 0x00007ffe3d0fb000 	C:\WINDOWS\SYSTEM32\winmmbase.dll
0x00007ffe40f60000 - 0x00007ffe40fa9000 	C:\WINDOWS\System32\cfgmgr32.dll
0x00007ffe31700000 - 0x00007ffe3170f000 	C:\Program Files\Android\Android Studio\jre\jre\bin\verify.dll
0x00007ffe173b0000 - 0x00007ffe173d9000 	C:\Program Files\Android\Android Studio\jre\jre\bin\java.dll
0x00007ffe2ca10000 - 0x00007ffe2ca26000 	C:\Program Files\Android\Android Studio\jre\jre\bin\zip.dll
0x00007ffe42690000 - 0x00007ffe43ac7000 	C:\WINDOWS\System32\SHELL32.dll
0x00007ffe41330000 - 0x00007ffe413da000 	C:\WINDOWS\System32\shcore.dll
0x00007ffe40860000 - 0x00007ffe40f52000 	C:\WINDOWS\System32\windows.storage.dll
0x00007ffe41660000 - 0x00007ffe416b1000 	C:\WINDOWS\System32\shlwapi.dll
0x00007ffe40220000 - 0x00007ffe40231000 	C:\WINDOWS\System32\kernel.appcore.dll
0x00007ffe40190000 - 0x00007ffe401dc000 	C:\WINDOWS\System32\powrprof.dll
0x00007ffe40200000 - 0x00007ffe40215000 	C:\WINDOWS\System32\profapi.dll
0x00007ffe21080000 - 0x00007ffe2109a000 	C:\Program Files\Android\Android Studio\jre\jre\bin\net.dll
0x00007ffe3fa40000 - 0x00007ffe3fa9c000 	C:\WINDOWS\system32\mswsock.dll
0x00007ffe20c90000 - 0x00007ffe20ca1000 	C:\Program Files\Android\Android Studio\jre\jre\bin\nio.dll
0x00007ffe31070000 - 0x00007ffe3108e000 	C:\Users\wirat.SUPC\.gradle\native\25\windows-amd64\native-platform.dll
0x00007ffe314c0000 - 0x00007ffe314cd000 	C:\Program Files\Android\Android Studio\jre\jre\bin\management.dll
0x00007ffe3fbf0000 - 0x00007ffe3fc07000 	C:\WINDOWS\SYSTEM32\CRYPTSP.dll
0x00007ffe3f670000 - 0x00007ffe3f6a4000 	C:\WINDOWS\system32\rsaenh.dll
0x00007ffe400d0000 - 0x00007ffe400f5000 	C:\WINDOWS\SYSTEM32\bcrypt.dll
0x00007ffe40090000 - 0x00007ffe400b9000 	C:\WINDOWS\SYSTEM32\USERENV.dll
0x00007ffe3fbe0000 - 0x00007ffe3fbeb000 	C:\WINDOWS\SYSTEM32\CRYPTBASE.dll
0x00007ffe3f7e0000 - 0x00007ffe3f817000 	C:\WINDOWS\SYSTEM32\IPHLPAPI.DLL
0x00007ffe42290000 - 0x00007ffe42298000 	C:\WINDOWS\System32\NSI.dll
0x00007ffe3c9f0000 - 0x00007ffe3ca06000 	C:\WINDOWS\SYSTEM32\dhcpcsvc6.DLL
0x00007ffe3c910000 - 0x00007ffe3c92a000 	C:\WINDOWS\SYSTEM32\dhcpcsvc.DLL

VM Arguments:
jvm_args: -Xmx1536m -Dfile.encoding=x-windows-874 -Duser.country=GB -Duser.language=en -Duser.variant 
java_command: org.gradle.launcher.daemon.bootstrap.GradleDaemon 4.1
java_class_path (initial): C:\Users\wirat.SUPC\.gradle\wrapper\dists\gradle-4.1-all\bzyivzo6n839fup2jbap0tjew\gradle-4.1\lib\gradle-launcher-4.1.jar
Launcher Type: SUN_STANDARD

Environment Variables:
PATH=C:\WINDOWS\system32;C:\WINDOWS;C:\WINDOWS\System32\Wbem;C:\WINDOWS\System32\WindowsPowerShell\v1.0\;C:\Program Files\Microsoft SQL Server\Client SDK\ODBC\130\Tools\Binn\;C:\Program Files (x86)\Microsoft SQL Server\130\Tools\Binn\;C:\Program Files\Microsoft SQL Server\130\Tools\Binn\;C:\Program Files\Microsoft SQL Server\130\DTS\Binn\;C:\Program Files (x86)\Microsoft SQL Server\Client SDK\ODBC\130\Tools\Binn\;C:\Program Files (x86)\Microsoft SQL Server\130\DTS\Binn\;C:\Program Files (x86)\Microsoft SQL Server\130\Tools\Binn\ManagementStudio\;C:\WINDOWS\system32\config\systemprofile\.dnx\bin;C:\Program Files\Microsoft DNX\Dnvm\;C:\Program Files\Microsoft SQL Server\120\Tools\Binn\;C:\Program Files\dotnet\;C:\Program Files\Microsoft\Web Platform Installer\;C:\Program Files (x86)\Microsoft ASP.NET\ASP.NET Web Pages\v1.0\;C:\Program Files (x86)\Windows Kits\8.0\Windows Performance Toolkit\;C:\Program Files\Microsoft SQL Server\110\Tools\Binn\;C:\Program Files (x86)\Microsoft SQL Server\110\DTS\Binn\;C:\Program Files (x86)\Microsoft SQL Server\120\DTS\Binn\;C:\Program Files\Microsoft Dynamics AX\50\BusinessConnector\Bin\;C:\Program Files (x86)\Microsoft Dynamics AX\50\Client\Bin\;C:\Program Files (x86)\Microsoft SQL Server\110\Tools\Binn\ManagementStudio\;C:\Program Files (x86)\Microsoft SQL Server\110\Tools\Binn\;C:\Program Files (x86)\Microsoft Visual Studio 11.0\Common7\IDE\PrivateAssemblies\;C:\Program Files (x86)\Microsoft SQL Server\90\Tools\binn\;C:\Users\wirat.SUPC\AppData\Local\Microsoft\WindowsApps;
USERNAME=Wirat
OS=Windows_NT
PROCESSOR_IDENTIFIER=Intel64 Family 6 Model 58 Stepping 9, GenuineIntel



---------------  S Y S T E M  ---------------

OS: Windows 10.0 , 64 bit Build 15063 (10.0.15063.296)

CPU:total 4 (initial active 4) (2 cores per cpu, 2 threads per core) family 6 model 58 stepping 9, cmov, cx8, fxsr, mmx, sse, sse2, sse3, ssse3, sse4.1, sse4.2, popcnt, avx, clmul, erms, ht, tsc, tscinvbit, tscinv

Memory: 4k page, physical 8206108k(3057716k free), swap 11327260k(4124k free)

vm_info: OpenJDK 64-Bit Server VM (25.152-b01) for windows-amd64 JRE (1.8.0_152-release-915-b01), built by "builder" with MS VC++ 10.0 (VS2010)

time: Sat Dec 16 14:04:50 2017
elapsed time: 3 seconds (0d 0h 0m 3s)

